<locationRequest xmlns="urn:ietf:params:xml:ns:geopriv:held" responseTime="8">
  <locationType exact="true">
    geodetic
    locationURI
  </locationType>
  <device xmlns="urn:ietf:params:xml:ns:geopriv:held:id">
    <uri>tel:+336152555013</uri>
  </device>
</locationRequest>
